#
# A fatal error has been detected by the Java Runtime Environment:
#
#  Internal Error (t:/workspace/open/src/hotspot/share/oops/generateOopMap.cpp:2164), pid=1568, tid=20856
#  fatal error: Illegal class file encountered. Try running with -Xverify:all in method main
#
# JRE version: Java(TM) SE Runtime Environment (11.0.4+10) (build 11.0.4+10-LTS)
# Java VM: Java HotSpot(TM) 64-Bit Server VM (11.0.4+10-LTS, mixed mode, tiered, compressed oops, g1 gc, windows-amd64)
# No core dump will be written. Minidumps are not enabled by default on client versions of Windows
#
# If you would like to submit a bug report, please visit:
#   http://bugreport.java.com/bugreport/crash.jsp
#

---------------  S U M M A R Y ------------

Command Line: -agentlib:jdwp=transport=dt_socket,suspend=y,address=localhost:56286 -javaagent:C:\Users\lramo\eclipse\jee-2019-09\eclipse\configuration\org.eclipse.osgi\412\0\.cp\lib\javaagent-shaded.jar -Dfile.encoding=Cp1252 br.com.fiap.backToTheFuture.main.Main

Host: Intel(R) Core(TM) i5-8250U CPU @ 1.60GHz, 8 cores, 7G,  Windows 10 , 64 bit Build 18362 (10.0.18362.1110)
Time: Fri Nov 13 19:32:41 2020 Hora oficial do Brasil elapsed time: 7092 seconds (0d 1h 58m 12s)

---------------  T H R E A D  ---------------

Current thread (0x000001ef14de3800):  GCTaskThread "GC Thread#0" [stack: 0x00000072b8200000,0x00000072b8300000] [id=20856]

Stack: [0x00000072b8200000,0x00000072b8300000]
[error occurred during error reporting (printing stack bounds), id 0xc0000005, EXCEPTION_ACCESS_VIOLATION (0xc0000005) at pc=0x000001ef1d110bad]

Native frames: (J=compiled Java code, j=interpreted, Vv=VM code, C=native code)
V  [jvm.dll+0x635bda]
V  [jvm.dll+0x77360f]
V  [jvm.dll+0x774cba]
V  [jvm.dll+0x7752d5]
V  [jvm.dll+0x77528b]
V  [jvm.dll+0x6352e6]
V  [jvm.dll+0x6356a8]
C  [ntdll.dll+0xa184f]
C  [ntdll.dll+0x6a889]
C  [ntdll.dll+0xa04be]
C  0x000001ef1d110bad

JavaThread 0x000001ef14dcd800 (nid = 9212) was being processed
Java frames: (J=compiled Java code, j=interpreted, Vv=VM code)
j  java.util.Arrays.copyOf([BI)[B+1 java.base@11.0.4
j  jdk.internal.loader.Resource.getBytes()[B+92 java.base@11.0.4
j  jdk.internal.loader.BuiltinClassLoader.defineClass(Ljava/lang/String;Ljdk/internal/loader/Resource;)Ljava/lang/Class;+84 java.base@11.0.4
j  jdk.internal.loader.BuiltinClassLoader.findClassOnClassPathOrNull(Ljava/lang/String;)Ljava/lang/Class;+37 java.base@11.0.4
j  jdk.internal.loader.BuiltinClassLoader.loadClassOrNull(Ljava/lang/String;Z)Ljava/lang/Class;+111 java.base@11.0.4
j  jdk.internal.loader.BuiltinClassLoader.loadClass(Ljava/lang/String;Z)Ljava/lang/Class;+3 java.base@11.0.4
j  jdk.internal.loader.ClassLoaders$AppClassLoader.loadClass(Ljava/lang/String;Z)Ljava/lang/Class;+36 java.base@11.0.4
j  java.lang.ClassLoader.loadClass(Ljava/lang/String;)Ljava/lang/Class;+3 java.base@11.0.4
v  ~StubRoutines::call_stub
j  oracle.jdbc.driver.T4CDriverExtension.getConnection(Ljava/lang/String;Ljava/util/Properties;)Ljava/sql/Connection;+0
j  oracle.jdbc.driver.OracleDriver.connect(Ljava/lang/String;Ljava/util/Properties;)Ljava/sql/Connection;+299
j  java.sql.DriverManager.getConnection(Ljava/lang/String;Ljava/util/Properties;Ljava/lang/Class;)Ljava/sql/Connection;+131 java.sql@11.0.4
j  java.sql.DriverManager.getConnection(Ljava/lang/String;Ljava/lang/String;Ljava/lang/String;)Ljava/sql/Connection;+37 java.sql@11.0.4
j  br.com.fiap.backToTheFuture.connectionFactory.ConnectionFactory.getConnection()Ljava/sql/Connection;+32
j  br.com.fiap.backToTheFuture.dao.EventoDAO.<init>()V+12
j  br.com.fiap.backToTheFuture.service.EventoService.<init>()V+9
j  br.com.fiap.backToTheFuture.main.Main.main([Ljava/lang/String;)V+4
v  ~StubRoutines::call_stub

---------------  P R O C E S S  ---------------

Threads class SMR info:
_java_thread_list=0x000001ef3466e230, length=13, elements={
0x000001ef14dcd800, 0x000001ef339d5000, 0x000001ef33a00800, 0x000001ef33a0f000,
0x000001ef33a10000, 0x000001ef33a14000, 0x000001ef33a19800, 0x000001ef33a1b800,
0x000001ef344df800, 0x000001ef34647000, 0x000001ef3464d800, 0x000001ef34723800,
0x000001ef346c7000
}

Java Threads: ( => current thread )
  0x000001ef14dcd800 JavaThread "main" [_thread_blocked, id=9212, stack(0x00000072b8100000,0x00000072b8200000)]
  0x000001ef339d5000 JavaThread "Reference Handler" daemon [_thread_blocked, id=22016, stack(0x00000072b8800000,0x00000072b8900000)]
  0x000001ef33a00800 JavaThread "Finalizer" daemon [_thread_blocked, id=16024, stack(0x00000072b8900000,0x00000072b8a00000)]
  0x000001ef33a0f000 JavaThread "Signal Dispatcher" daemon [_thread_blocked, id=8572, stack(0x00000072b8a00000,0x00000072b8b00000)]
  0x000001ef33a10000 JavaThread "Attach Listener" daemon [_thread_blocked, id=22452, stack(0x00000072b8b00000,0x00000072b8c00000)]
  0x000001ef33a14000 JavaThread "C2 CompilerThread0" daemon [_thread_blocked, id=4716, stack(0x00000072b8c00000,0x00000072b8d00000)]
  0x000001ef33a19800 JavaThread "C1 CompilerThread0" daemon [_thread_blocked, id=21588, stack(0x00000072b8d00000,0x00000072b8e00000)]
  0x000001ef33a1b800 JavaThread "Sweeper thread" daemon [_thread_blocked, id=22120, stack(0x00000072b8e00000,0x00000072b8f00000)]
  0x000001ef344df800 JavaThread "Common-Cleaner" daemon [_thread_blocked, id=11236, stack(0x00000072b8f00000,0x00000072b9000000)]
  0x000001ef34647000 JavaThread "JDWP Transport Listener: dt_socket" daemon [_thread_blocked, id=22316, stack(0x00000072b9100000,0x00000072b9200000)]
  0x000001ef3464d800 JavaThread "JDWP Event Helper Thread" daemon [_thread_blocked, id=22264, stack(0x00000072b9200000,0x00000072b9300000)]
  0x000001ef34723800 JavaThread "JDWP Command Reader" daemon [_thread_in_native, id=16412, stack(0x00000072b9300000,0x00000072b9400000)]
  0x000001ef346c7000 JavaThread "Service Thread" daemon [_thread_blocked, id=5664, stack(0x00000072b9000000,0x00000072b9100000)]

Other Threads:
  0x000001ef339d3000 VMThread "VM Thread" [stack: 0x00000072b8700000,0x00000072b8800000] [id=21592]
  0x000001ef346ca800 WatcherThread [stack: 0x00000072b9400000,0x00000072b9500000] [id=17564]
=>0x000001ef14de3800 GCTaskThread "GC Thread#0" [stack: 0x00000072b8200000,0x00000072b8300000] [id=20856]
  0x000001ef34bf7800 GCTaskThread "GC Thread#1" [stack: 0x00000072b7e00000,0x00000072b7f00000] [id=24552]
  0x000001ef3492a800 GCTaskThread "GC Thread#2" [stack: 0x00000072b7f00000,0x00000072b8000000] [id=23052]
  0x000001ef12dfd800 ConcurrentGCThread "G1 Main Marker" [stack: 0x00000072b8300000,0x00000072b8400000] [id=20864]
  0x000001ef14e11000 ConcurrentGCThread "G1 Conc#0" [stack: 0x00000072b8400000,0x00000072b8500000] [id=22024]
  0x000001ef14e9e000 ConcurrentGCThread "G1 Refine#0" [stack: 0x00000072b8500000,0x00000072b8600000] [id=7688]
  0x000001ef3383c800 ConcurrentGCThread "G1 Young RemSet Sampling" [stack: 0x00000072b8600000,0x00000072b8700000] [id=21256]

Threads with active compile tasks:

VM state:at safepoint (normal execution)

VM Mutex/Monitor currently owned by a thread:  ([mutex/lock_event])
[0x000001ef14dcb4c0] Threads_lock - owner thread: 0x000001ef339d3000
[0x000001ef14dcaa10] Heap_lock - owner thread: 0x000001ef14dcd800

Heap address: 0x0000000081600000, size: 2026 MB, Compressed Oops mode: 32-bit
Narrow klass base: 0x0000000000000000, Narrow klass shift: 3
Compressed class space size: 1073741824 Address: 0x0000000100000000

Heap:
 garbage-first heap   total 131072K, used 24569K [0x0000000081600000, 0x0000000100000000)
  region size 1024K, 27 young (27648K), 3 survivors (3072K)
 Metaspace       used 13913K, capacity 14224K, committed 14336K, reserved 1062912K
  class space    used 1390K, capacity 1504K, committed 1536K, reserved 1048576K
Heap Regions: E=young(eden), S=young(survivor), O=old, HS=humongous(starts), HC=humongous(continues), CS=collection set, F=free, A=archive, TAMS=top-at-mark-start (previous, next)
|   0|0x0000000081600000, 0x0000000081600000, 0x0000000081700000|  0%| F|  |TAMS 0x0000000081600000, 0x0000000081600000| Untracked 
|   1|0x0000000081700000, 0x0000000081700000, 0x0000000081800000|  0%| F|  |TAMS 0x0000000081700000, 0x0000000081700000| Untracked 
|   2|0x0000000081800000, 0x0000000081800000, 0x0000000081900000|  0%| F|  |TAMS 0x0000000081800000, 0x0000000081800000| Untracked 
|   3|0x0000000081900000, 0x0000000081900000, 0x0000000081a00000|  0%| F|  |TAMS 0x0000000081900000, 0x0000000081900000| Untracked 
|   4|0x0000000081a00000, 0x0000000081a00000, 0x0000000081b00000|  0%| F|  |TAMS 0x0000000081a00000, 0x0000000081a00000| Untracked 
|   5|0x0000000081b00000, 0x0000000081b00000, 0x0000000081c00000|  0%| F|  |TAMS 0x0000000081b00000, 0x0000000081b00000| Untracked 
|   6|0x0000000081c00000, 0x0000000081c00000, 0x0000000081d00000|  0%| F|  |TAMS 0x0000000081c00000, 0x0000000081c00000| Untracked 
|   7|0x0000000081d00000, 0x0000000081d00000, 0x0000000081e00000|  0%| F|  |TAMS 0x0000000081d00000, 0x0000000081d00000| Untracked 
|   8|0x0000000081e00000, 0x0000000081e00000, 0x0000000081f00000|  0%| F|  |TAMS 0x0000000081e00000, 0x0000000081e00000| Untracked 
|   9|0x0000000081f00000, 0x0000000081f00000, 0x0000000082000000|  0%| F|  |TAMS 0x0000000081f00000, 0x0000000081f00000| Untracked 
|  10|0x0000000082000000, 0x0000000082000000, 0x0000000082100000|  0%| F|  |TAMS 0x0000000082000000, 0x0000000082000000| Untracked 
|  11|0x0000000082100000, 0x0000000082100000, 0x0000000082200000|  0%| F|  |TAMS 0x0000000082100000, 0x0000000082100000| Untracked 
|  12|0x0000000082200000, 0x0000000082200000, 0x0000000082300000|  0%| F|  |TAMS 0x0000000082200000, 0x0000000082200000| Untracked 
|  13|0x0000000082300000, 0x0000000082300000, 0x0000000082400000|  0%| F|  |TAMS 0x0000000082300000, 0x0000000082300000| Untracked 
|  14|0x0000000082400000, 0x0000000082400000, 0x0000000082500000|  0%| F|  |TAMS 0x0000000082400000, 0x0000000082400000| Untracked 
|  15|0x0000000082500000, 0x0000000082500000, 0x0000000082600000|  0%| F|  |TAMS 0x0000000082500000, 0x0000000082500000| Untracked 
|  16|0x0000000082600000, 0x0000000082600000, 0x0000000082700000|  0%| F|  |TAMS 0x0000000082600000, 0x0000000082600000| Untracked 
|  17|0x0000000082700000, 0x0000000082700000, 0x0000000082800000|  0%| F|  |TAMS 0x0000000082700000, 0x0000000082700000| Untracked 
|  18|0x0000000082800000, 0x0000000082800000, 0x0000000082900000|  0%| F|  |TAMS 0x0000000082800000, 0x0000000082800000| Untracked 
|  19|0x0000000082900000, 0x0000000082900000, 0x0000000082a00000|  0%| F|  |TAMS 0x0000000082900000, 0x0000000082900000| Untracked 
|  20|0x0000000082a00000, 0x0000000082a00000, 0x0000000082b00000|  0%| F|  |TAMS 0x0000000082a00000, 0x0000000082a00000| Untracked 
|  21|0x0000000082b00000, 0x0000000082b00000, 0x0000000082c00000|  0%| F|  |TAMS 0x0000000082b00000, 0x0000000082b00000| Untracked 
|  22|0x0000000082c00000, 0x0000000082c00000, 0x0000000082d00000|  0%| F|  |TAMS 0x0000000082c00000, 0x0000000082c00000| Untracked 
|  23|0x0000000082d00000, 0x0000000082d00000, 0x0000000082e00000|  0%| F|  |TAMS 0x0000000082d00000, 0x0000000082d00000| Untracked 
|  24|0x0000000082e00000, 0x0000000082e00000, 0x0000000082f00000|  0%| F|  |TAMS 0x0000000082e00000, 0x0000000082e00000| Untracked 
|  25|0x0000000082f00000, 0x0000000082f00000, 0x0000000083000000|  0%| F|  |TAMS 0x0000000082f00000, 0x0000000082f00000| Untracked 
|  26|0x0000000083000000, 0x0000000083000000, 0x0000000083100000|  0%| F|  |TAMS 0x0000000083000000, 0x0000000083000000| Untracked 
|  27|0x0000000083100000, 0x0000000083100000, 0x0000000083200000|  0%| F|  |TAMS 0x0000000083100000, 0x0000000083100000| Untracked 
|  28|0x0000000083200000, 0x0000000083200000, 0x0000000083300000|  0%| F|  |TAMS 0x0000000083200000, 0x0000000083200000| Untracked 
|  29|0x0000000083300000, 0x0000000083300000, 0x0000000083400000|  0%| F|  |TAMS 0x0000000083300000, 0x0000000083300000| Untracked 
|  30|0x0000000083400000, 0x0000000083400000, 0x0000000083500000|  0%| F|  |TAMS 0x0000000083400000, 0x0000000083400000| Untracked 
|  31|0x0000000083500000, 0x0000000083500000, 0x0000000083600000|  0%| F|  |TAMS 0x0000000083500000, 0x0000000083500000| Untracked 
|  32|0x0000000083600000, 0x0000000083600000, 0x0000000083700000|  0%| F|  |TAMS 0x0000000083600000, 0x0000000083600000| Untracked 
|  33|0x0000000083700000, 0x0000000083700000, 0x0000000083800000|  0%| F|  |TAMS 0x0000000083700000, 0x0000000083700000| Untracked 
|  34|0x0000000083800000, 0x0000000083800000, 0x0000000083900000|  0%| F|  |TAMS 0x0000000083800000, 0x0000000083800000| Untracked 
|  35|0x0000000083900000, 0x0000000083900000, 0x0000000083a00000|  0%| F|  |TAMS 0x0000000083900000, 0x0000000083900000| Untracked 
|  36|0x0000000083a00000, 0x0000000083a00000, 0x0000000083b00000|  0%| F|  |TAMS 0x0000000083a00000, 0x0000000083a00000| Untracked 
|  37|0x0000000083b00000, 0x0000000083b00000, 0x0000000083c00000|  0%| F|  |TAMS 0x0000000083b00000, 0x0000000083b00000| Untracked 
|  38|0x0000000083c00000, 0x0000000083c00000, 0x0000000083d00000|  0%| F|  |TAMS 0x0000000083c00000, 0x0000000083c00000| Untracked 
|  39|0x0000000083d00000, 0x0000000083d00000, 0x0000000083e00000|  0%| F|  |TAMS 0x0000000083d00000, 0x0000000083d00000| Untracked 
|  40|0x0000000083e00000, 0x0000000083e00000, 0x0000000083f00000|  0%| F|  |TAMS 0x0000000083e00000, 0x0000000083e00000| Untracked 
|  41|0x0000000083f00000, 0x0000000083f00000, 0x0000000084000000|  0%| F|  |TAMS 0x0000000083f00000, 0x0000000083f00000| Untracked 
|  42|0x0000000084000000, 0x0000000084000000, 0x0000000084100000|  0%| F|  |TAMS 0x0000000084000000, 0x0000000084000000| Untracked 
|  43|0x0000000084100000, 0x0000000084100000, 0x0000000084200000|  0%| F|  |TAMS 0x0000000084100000, 0x0000000084100000| Untracked 
|  44|0x0000000084200000, 0x0000000084200000, 0x0000000084300000|  0%| F|  |TAMS 0x0000000084200000, 0x0000000084200000| Untracked 
|  45|0x0000000084300000, 0x0000000084300000, 0x0000000084400000|  0%| F|  |TAMS 0x0000000084300000, 0x0000000084300000| Untracked 
|  46|0x0000000084400000, 0x0000000084400000, 0x0000000084500000|  0%| F|  |TAMS 0x0000000084400000, 0x0000000084400000| Untracked 
|  47|0x0000000084500000, 0x0000000084500000, 0x0000000084600000|  0%| F|  |TAMS 0x0000000084500000, 0x0000000084500000| Untracked 
|  48|0x0000000084600000, 0x0000000084600000, 0x0000000084700000|  0%| F|  |TAMS 0x0000000084600000, 0x0000000084600000| Untracked 
|  49|0x0000000084700000, 0x0000000084700000, 0x0000000084800000|  0%| F|  |TAMS 0x0000000084700000, 0x0000000084700000| Untracked 
|  50|0x0000000084800000, 0x0000000084800000, 0x0000000084900000|  0%| F|  |TAMS 0x0000000084800000, 0x0000000084800000| Untracked 
|  51|0x0000000084900000, 0x0000000084900000, 0x0000000084a00000|  0%| F|  |TAMS 0x0000000084900000, 0x0000000084900000| Untracked 
|  52|0x0000000084a00000, 0x0000000084a00000, 0x0000000084b00000|  0%| F|  |TAMS 0x0000000084a00000, 0x0000000084a00000| Untracked 
|  53|0x0000000084b00000, 0x0000000084b00000, 0x0000000084c00000|  0%| F|  |TAMS 0x0000000084b00000, 0x0000000084b00000| Untracked 
|  54|0x0000000084c00000, 0x0000000084c00000, 0x0000000084d00000|  0%| F|  |TAMS 0x0000000084c00000, 0x0000000084c00000| Untracked 
|  55|0x0000000084d00000, 0x0000000084d00000, 0x0000000084e00000|  0%| F|  |TAMS 0x0000000084d00000, 0x0000000084d00000| Untracked 
|  56|0x0000000084e00000, 0x0000000084e00000, 0x0000000084f00000|  0%| F|  |TAMS 0x0000000084e00000, 0x0000000084e00000| Untracked 
|  57|0x0000000084f00000, 0x0000000084f00000, 0x0000000085000000|  0%| F|  |TAMS 0x0000000084f00000, 0x0000000084f00000| Untracked 
|  58|0x0000000085000000, 0x0000000085000000, 0x0000000085100000|  0%| F|  |TAMS 0x0000000085000000, 0x0000000085000000| Untracked 
|  59|0x0000000085100000, 0x0000000085100000, 0x0000000085200000|  0%| F|  |TAMS 0x0000000085100000, 0x0000000085100000| Untracked 
|  60|0x0000000085200000, 0x0000000085200000, 0x0000000085300000|  0%| F|  |TAMS 0x0000000085200000, 0x0000000085200000| Untracked 
|  61|0x0000000085300000, 0x0000000085300000, 0x0000000085400000|  0%| F|  |TAMS 0x0000000085300000, 0x0000000085300000| Untracked 
|  62|0x0000000085400000, 0x0000000085400000, 0x0000000085500000|  0%| F|  |TAMS 0x0000000085400000, 0x0000000085400000| Untracked 
|  63|0x0000000085500000, 0x0000000085500000, 0x0000000085600000|  0%| F|  |TAMS 0x0000000085500000, 0x0000000085500000| Untracked 
|  64|0x0000000085600000, 0x0000000085600000, 0x0000000085700000|  0%| F|  |TAMS 0x0000000085600000, 0x0000000085600000| Untracked 
|  65|0x0000000085700000, 0x0000000085700000, 0x0000000085800000|  0%| F|  |TAMS 0x0000000085700000, 0x0000000085700000| Untracked 
|  66|0x0000000085800000, 0x0000000085800000, 0x0000000085900000|  0%| F|  |TAMS 0x0000000085800000, 0x0000000085800000| Untracked 
|  67|0x0000000085900000, 0x0000000085900000, 0x0000000085a00000|  0%| F|  |TAMS 0x0000000085900000, 0x0000000085900000| Untracked 
|  68|0x0000000085a00000, 0x0000000085a00000, 0x0000000085b00000|  0%| F|  |TAMS 0x0000000085a00000, 0x0000000085a00000| Untracked 
|  69|0x0000000085b00000, 0x0000000085b00000, 0x0000000085c00000|  0%| F|  |TAMS 0x0000000085b00000, 0x0000000085b00000| Untracked 
|  70|0x0000000085c00000, 0x0000000085c00000, 0x0000000085d00000|  0%| F|  |TAMS 0x0000000085c00000, 0x0000000085c00000| Untracked 
|  71|0x0000000085d00000, 0x0000000085d00000, 0x0000000085e00000|  0%| F|  |TAMS 0x0000000085d00000, 0x0000000085d00000| Untracked 
|  72|0x0000000085e00000, 0x0000000085e00000, 0x0000000085f00000|  0%| F|  |TAMS 0x0000000085e00000, 0x0000000085e00000| Untracked 
|  73|0x0000000085f00000, 0x0000000085f00000, 0x0000000086000000|  0%| F|  |TAMS 0x0000000085f00000, 0x0000000085f00000| Untracked 
|  74|0x0000000086000000, 0x0000000086000000, 0x0000000086100000|  0%| F|  |TAMS 0x0000000086000000, 0x0000000086000000| Untracked 
|  75|0x0000000086100000, 0x0000000086100000, 0x0000000086200000|  0%| F|  |TAMS 0x0000000086100000, 0x0000000086100000| Untracked 
|  76|0x0000000086200000, 0x0000000086200000, 0x0000000086300000|  0%| F|  |TAMS 0x0000000086200000, 0x0000000086200000| Untracked 
|  77|0x0000000086300000, 0x0000000086300000, 0x0000000086400000|  0%| F|  |TAMS 0x0000000086300000, 0x0000000086300000| Untracked 
|  78|0x0000000086400000, 0x0000000086400000, 0x0000000086500000|  0%| F|  |TAMS 0x0000000086400000, 0x0000000086400000| Untracked 
|  79|0x0000000086500000, 0x0000000086500000, 0x0000000086600000|  0%| F|  |TAMS 0x0000000086500000, 0x0000000086500000| Untracked 
|  80|0x0000000086600000, 0x0000000086600000, 0x0000000086700000|  0%| F|  |TAMS 0x0000000086600000, 0x0000000086600000| Untracked 
|  81|0x0000000086700000, 0x0000000086700000, 0x0000000086800000|  0%| F|  |TAMS 0x0000000086700000, 0x0000000086700000| Untracked 
|  82|0x0000000086800000, 0x0000000086800000, 0x0000000086900000|  0%| F|  |TAMS 0x0000000086800000, 0x0000000086800000| Untracked 
|  83|0x0000000086900000, 0x0000000086900000, 0x0000000086a00000|  0%| F|  |TAMS 0x0000000086900000, 0x0000000086900000| Untracked 
|  84|0x0000000086a00000, 0x0000000086a00000, 0x0000000086b00000|  0%| F|  |TAMS 0x0000000086a00000, 0x0000000086a00000| Untracked 
|  85|0x0000000086b00000, 0x0000000086b00000, 0x0000000086c00000|  0%| F|  |TAMS 0x0000000086b00000, 0x0000000086b00000| Untracked 
|  86|0x0000000086c00000, 0x0000000086c00000, 0x0000000086d00000|  0%| F|  |TAMS 0x0000000086c00000, 0x0000000086c00000| Untracked 
|  87|0x0000000086d00000, 0x0000000086d00000, 0x0000000086e00000|  0%| F|  |TAMS 0x0000000086d00000, 0x0000000086d00000| Untracked 
|  88|0x0000000086e00000, 0x0000000086e00000, 0x0000000086f00000|  0%| F|  |TAMS 0x0000000086e00000, 0x0000000086e00000| Untracked 
|  89|0x0000000086f00000, 0x0000000086f00000, 0x0000000087000000|  0%| F|  |TAMS 0x0000000086f00000, 0x0000000086f00000| Untracked 
|  90|0x0000000087000000, 0x0000000087000000, 0x0000000087100000|  0%| F|  |TAMS 0x0000000087000000, 0x0000000087000000| Untracked 
|  91|0x0000000087100000, 0x0000000087100000, 0x0000000087200000|  0%| F|  |TAMS 0x0000000087100000, 0x0000000087100000| Untracked 
|  92|0x0000000087200000, 0x0000000087200000, 0x0000000087300000|  0%| F|  |TAMS 0x0000000087200000, 0x0000000087200000| Untracked 
|  93|0x0000000087300000, 0x0000000087300000, 0x0000000087400000|  0%| F|  |TAMS 0x0000000087300000, 0x0000000087300000| Untracked 
|  94|0x0000000087400000, 0x0000000087400000, 0x0000000087500000|  0%| F|  |TAMS 0x0000000087400000, 0x0000000087400000| Untracked 
|  95|0x0000000087500000, 0x0000000087500000, 0x0000000087600000|  0%| F|  |TAMS 0x0000000087500000, 0x0000000087500000| Untracked 
|  96|0x0000000087600000, 0x0000000087600000, 0x0000000087700000|  0%| F|  |TAMS 0x0000000087600000, 0x0000000087600000| Untracked 
|  97|0x0000000087700000, 0x0000000087700000, 0x0000000087800000|  0%| F|  |TAMS 0x0000000087700000, 0x0000000087700000| Untracked 
|  98|0x0000000087800000, 0x0000000087800000, 0x0000000087900000|  0%| F|  |TAMS 0x0000000087800000, 0x0000000087800000| Untracked 
|  99|0x0000000087900000, 0x0000000087900000, 0x0000000087a00000|  0%| F|  |TAMS 0x0000000087900000, 0x0000000087900000| Untracked 
| 100|0x0000000087a00000, 0x0000000087a00000, 0x0000000087b00000|  0%| F|  |TAMS 0x0000000087a00000, 0x0000000087a00000| Untracked 
| 101|0x0000000087b00000, 0x0000000087b88de8, 0x0000000087c00000| 53%| S|  |TAMS 0x0000000087b00000, 0x0000000087b00000| Complete 
| 102|0x0000000087c00000, 0x0000000087d00000, 0x0000000087d00000|100%| S|  |TAMS 0x0000000087c00000, 0x0000000087c00000| Complete 
| 103|0x0000000087d00000, 0x0000000087e00000, 0x0000000087e00000|100%| S|  |TAMS 0x0000000087d00000, 0x0000000087d00000| Complete 
| 104|0x0000000087e00000, 0x0000000087efe5b0, 0x0000000087f00000| 99%| E|CS|TAMS 0x0000000087e00000, 0x0000000087e00000| Complete 
| 105|0x0000000087f00000, 0x0000000088000000, 0x0000000088000000|100%| E|CS|TAMS 0x0000000087f00000, 0x0000000087f00000| Complete 
| 106|0x0000000088000000, 0x0000000088100000, 0x0000000088100000|100%| E|CS|TAMS 0x0000000088000000, 0x0000000088000000| Complete 
| 107|0x0000000088100000, 0x0000000088200000, 0x0000000088200000|100%| E|CS|TAMS 0x0000000088100000, 0x0000000088100000| Complete 
| 108|0x0000000088200000, 0x0000000088300000, 0x0000000088300000|100%| E|CS|TAMS 0x0000000088200000, 0x0000000088200000| Complete 
| 109|0x0000000088300000, 0x0000000088400000, 0x0000000088400000|100%| E|CS|TAMS 0x0000000088300000, 0x0000000088300000| Complete 
| 110|0x0000000088400000, 0x0000000088500000, 0x0000000088500000|100%| E|CS|TAMS 0x0000000088400000, 0x0000000088400000| Complete 
| 111|0x0000000088500000, 0x0000000088600000, 0x0000000088600000|100%| E|CS|TAMS 0x0000000088500000, 0x0000000088500000| Complete 
| 112|0x0000000088600000, 0x0000000088700000, 0x0000000088700000|100%| E|CS|TAMS 0x0000000088600000, 0x0000000088600000| Complete 
| 113|0x0000000088700000, 0x0000000088800000, 0x0000000088800000|100%| E|CS|TAMS 0x0000000088700000, 0x0000000088700000| Complete 
| 114|0x0000000088800000, 0x0000000088900000, 0x0000000088900000|100%| E|CS|TAMS 0x0000000088800000, 0x0000000088800000| Complete 
| 115|0x0000000088900000, 0x0000000088a00000, 0x0000000088a00000|100%| E|CS|TAMS 0x0000000088900000, 0x0000000088900000| Complete 
| 116|0x0000000088a00000, 0x0000000088b00000, 0x0000000088b00000|100%| E|CS|TAMS 0x0000000088a00000, 0x0000000088a00000| Complete 
| 117|0x0000000088b00000, 0x0000000088c00000, 0x0000000088c00000|100%| E|CS|TAMS 0x0000000088b00000, 0x0000000088b00000| Complete 
| 118|0x0000000088c00000, 0x0000000088d00000, 0x0000000088d00000|100%| E|CS|TAMS 0x0000000088c00000, 0x0000000088c00000| Complete 
| 119|0x0000000088d00000, 0x0000000088e00000, 0x0000000088e00000|100%| E|CS|TAMS 0x0000000088d00000, 0x0000000088d00000| Complete 
| 120|0x0000000088e00000, 0x0000000088f00000, 0x0000000088f00000|100%| E|CS|TAMS 0x0000000088e00000, 0x0000000088e00000| Complete 
| 121|0x0000000088f00000, 0x0000000089000000, 0x0000000089000000|100%| E|CS|TAMS 0x0000000088f00000, 0x0000000088f00000| Complete 
| 122|0x0000000089000000, 0x0000000089100000, 0x0000000089100000|100%| E|CS|TAMS 0x0000000089000000, 0x0000000089000000| Complete 
| 123|0x0000000089100000, 0x0000000089200000, 0x0000000089200000|100%| E|CS|TAMS 0x0000000089100000, 0x0000000089100000| Complete 
| 124|0x0000000089200000, 0x0000000089300000, 0x0000000089300000|100%| E|CS|TAMS 0x0000000089200000, 0x0000000089200000| Complete 
| 125|0x0000000089300000, 0x0000000089400000, 0x0000000089400000|100%| E|CS|TAMS 0x0000000089300000, 0x0000000089300000| Complete 
| 126|0x0000000089400000, 0x0000000089500000, 0x0000000089500000|100%| E|CS|TAMS 0x0000000089400000, 0x0000000089400000| Complete 
| 127|0x0000000089500000, 0x0000000089600000, 0x0000000089600000|100%| E|CS|TAMS 0x0000000089500000, 0x0000000089500000| Complete 

Card table byte_map: [0x000001ef2c840000,0x000001ef2cc40000] _byte_map_base: 0x000001ef2c435000

Marking Bits (Prev, Next): (CMBitMap*) 0x000001ef12dfd078, (CMBitMap*) 0x000001ef12dfd0b0
 Prev Bits: [0x000001ef2d040000, 0x000001ef2efe8000)
 Next Bits: [0x000001ef2eff0000, 0x000001ef30f98000)

Polling page: 0x000001ef12c40000

Metaspace:

Usage:
  Non-class:     12.42 MB capacity,    12.23 MB ( 98%) used,   172.27 KB (  1%) free+waste,    24.75 KB ( <1%) overhead. 
      Class:      1.47 MB capacity,     1.36 MB ( 92%) used,   102.79 KB (  7%) free+waste,    11.19 KB ( <1%) overhead. 
       Both:     13.89 MB capacity,    13.59 MB ( 98%) used,   275.05 KB (  2%) free+waste,    35.94 KB ( <1%) overhead. 

Virtual space:
  Non-class space:       14.00 MB reserved,      12.50 MB ( 89%) committed 
      Class space:        1.00 GB reserved,       1.50 MB ( <1%) committed 
             Both:        1.01 GB reserved,      14.00 MB (  1%) committed 

Chunk freelists:
   Non-Class:  2.00 KB
       Class:  0 bytes
        Both:  2.00 KB

CodeHeap 'non-profiled nmethods': size=120000Kb used=158Kb max_used=158Kb free=119841Kb
 bounds [0x000001ef24be0000, 0x000001ef24e50000, 0x000001ef2c110000]
CodeHeap 'profiled nmethods': size=120000Kb used=543Kb max_used=543Kb free=119456Kb
 bounds [0x000001ef1d6b0000, 0x000001ef1d920000, 0x000001ef24be0000]
CodeHeap 'non-nmethods': size=5760Kb used=1180Kb max_used=1180Kb free=4580Kb
 bounds [0x000001ef1d110000, 0x000001ef1d380000, 0x000001ef1d6b0000]
 total_blobs=993 nmethods=475 adapters=325
 compilation: enabled
              stopped_count=0, restarted_count=0
 full_count=0

Compilation events (10 events):
Event: 708.282 Thread 0x000001ef33a19800  392       3       org.eclipse.jdt.launching.internal.org.objectweb.asm.Symbol::<init> (38 bytes)
Event: 708.282 Thread 0x000001ef33a19800 nmethod 392 0x000001ef1d735b10 code [0x000001ef1d735ce0, 0x000001ef1d735fd8]
Event: 708.284 Thread 0x000001ef33a19800  391       3       org.eclipse.jdt.launching.internal.org.objectweb.asm.ByteVector::putByte (39 bytes)
Event: 708.284 Thread 0x000001ef33a19800 nmethod 391 0x000001ef1d736110 code [0x000001ef1d7362e0, 0x000001ef1d736530]
Event: 708.284 Thread 0x000001ef33a19800  393       3       org.eclipse.jdt.launching.internal.org.objectweb.asm.SymbolTable::put (150 bytes)
Event: 708.284 Thread 0x000001ef33a19800 nmethod 393 0x000001ef1d736690 code [0x000001ef1d7368a0, 0x000001ef1d737158]
Event: 5728.065 Thread 0x000001ef33a19800  394       3       org.eclipse.jdt.launching.internal.org.objectweb.asm.SymbolTable$Entry::<init> (17 bytes)
Event: 5728.065 Thread 0x000001ef33a19800 nmethod 394 0x000001ef1d737490 code [0x000001ef1d737660, 0x000001ef1d737850]
Event: 6175.657 Thread 0x000001ef33a19800  395       3       org.eclipse.jdt.launching.internal.org.objectweb.asm.ClassReader::readInt (52 bytes)
Event: 6175.657 Thread 0x000001ef33a19800 nmethod 395 0x000001ef1d737910 code [0x000001ef1d737ac0, 0x000001ef1d737cf8]

GC Heap History (1 events):
Event: 7092.370 GC heap before
{Heap before GC invocations=0 (full 0):
 garbage-first heap   total 131072K, used 23552K [0x0000000081600000, 0x0000000100000000)
  region size 1024K, 24 young (24576K), 0 survivors (0K)
 Metaspace       used 13913K, capacity 14224K, committed 14336K, reserved 1062912K
  class space    used 1390K, capacity 1504K, committed 1536K, reserved 1048576K
}

Deoptimization events (1 events):
Event: 0.310 Thread 0x000001ef14dcd800 Uncommon trap: reason=unstable_if action=reinterpret pc=0x000001ef24bef1f8 method=java.lang.String.isLatin1()Z @ 10 c2

Classes redefined (9 events):
Event: 397.986 Thread 0x000001ef339d3000 redefined class name=br.com.fiap.backToTheFuture.service.EventoService, count=1
Event: 708.283 Thread 0x000001ef339d3000 redefined class name=br.com.fiap.backToTheFuture.main.Main, count=1
Event: 5728.090 Thread 0x000001ef339d3000 redefined class name=br.com.fiap.backToTheFuture.main.Main, count=2
Event: 5743.471 Thread 0x000001ef339d3000 redefined class name=br.com.fiap.backToTheFuture.main.Main, count=3
Event: 5821.866 Thread 0x000001ef339d3000 redefined class name=br.com.fiap.backToTheFuture.main.Main, count=4
Event: 6175.674 Thread 0x000001ef339d3000 redefined class name=br.com.fiap.backToTheFuture.main.Main, count=5
Event: 6851.771 Thread 0x000001ef339d3000 redefined class name=br.com.fiap.backToTheFuture.main.Main, count=6
Event: 6963.478 Thread 0x000001ef339d3000 redefined class name=br.com.fiap.backToTheFuture.main.Main, count=7
Event: 7038.859 Thread 0x000001ef339d3000 redefined class name=br.com.fiap.backToTheFuture.main.Main, count=8

Internal exceptions (7 events):
Event: 7080.140 Thread 0x000001ef14dcd800 Exception <a 'java/lang/NoSuchMethodError'{0x0000000088ef9460}: java.lang.invoke.DirectMethodHandle$Holder.invokeStaticInit(Ljava/lang/Object;Ljava/lang/Object;Ljava/lang/Object;)Ljava/lang/Object;> (0x0000000088ef9460) thrown at [t:/workspace/open/src/ho
Event: 7080.232 Thread 0x000001ef14dcd800 Exception <a 'java/lang/NoSuchMethodError'{0x0000000088d18898}: java.lang.invoke.DirectMethodHandle$Holder.invokeInterface(Ljava/lang/Object;Ljava/lang/Object;)I> (0x0000000088d18898) thrown at [t:/workspace/open/src/hotspot/share/interpreter/linkResolver
Event: 7080.241 Thread 0x000001ef14dcd800 Exception <a 'java/lang/IncompatibleClassChangeError'{0x0000000088d1b610}: Found class java.lang.Object, but interface was expected> (0x0000000088d1b610) thrown at [t:/workspace/open/src/hotspot/share/interpreter/linkResolver.cpp, line 838]
Event: 7081.158 Thread 0x000001ef14dcd800 Exception <a 'java/lang/NoSuchMethodError'{0x0000000088c33958}: java.lang.invoke.DirectMethodHandle$Holder.invokeStatic(Ljava/lang/Object;Ljava/lang/Object;Ljava/lang/Object;Ljava/lang/Object;Ljava/lang/Object;Ljava/lang/Object;Ljava/lang/Object;Ljava/lan
Event: 7081.461 Thread 0x000001ef14dcd800 Exception <a 'java/lang/NoSuchMethodError'{0x0000000088c52e18}: java.lang.invoke.DirectMethodHandle$Holder.invokeStatic(Ljava/lang/Object;Ljava/lang/Object;Ljava/lang/Object;Ljava/lang/Object;Ljava/lang/Object;Ljava/lang/Object;Ljava/lang/Object;Ljava/lan
Event: 7081.783 Thread 0x000001ef14dcd800 Exception <a 'java/lang/NoSuchMethodError'{0x0000000088c73310}: java.lang.invoke.DirectMethodHandle$Holder.invokeStatic(Ljava/lang/Object;Ljava/lang/Object;Ljava/lang/Object;Ljava/lang/Object;Ljava/lang/Object;Ljava/lang/Object;Ljava/lang/Object;Ljava/lan
Event: 7082.173 Thread 0x000001ef14dcd800 Exception <a 'java/lang/NoSuchMethodError'{0x0000000088c95280}: java.lang.invoke.DirectMethodHandle$Holder.invokeStatic(Ljava/lang/Object;Ljava/lang/Object;Ljava/lang/Object;Ljava/lang/Object;Ljava/lang/Object;Ljava/lang/Object;Ljava/lang/Object;Ljava/lan

Events (10 events):
Event: 7092.210 loading class oracle/jdbc/internal/ObjectData done
Event: 7092.217 loading class oracle/jdbc/OracleData
Event: 7092.217 loading class oracle/jdbc/OracleData done
Event: 7092.225 loading class oracle/sql/StructDescriptor
Event: 7092.225 loading class oracle/sql/StructDescriptor done
Event: 7092.353 loading class oracle/jdbc/OracleTypeMetaData$Struct
Event: 7092.353 loading class oracle/jdbc/OracleTypeMetaData$Struct done
Event: 7092.366 loading class oracle/sql/ArrayDescriptor
Event: 7092.366 loading class oracle/sql/ArrayDescriptor done
Event: 7092.370 Executing VM operation: G1CollectForAllocation


Dynamic libraries:
0x00007ff6c7870000 - 0x00007ff6c78b7000 	C:\dev\tools\jdk-11.0.4\bin\javaw.exe
0x00007ffd52940000 - 0x00007ffd52b30000 	C:\WINDOWS\SYSTEM32\ntdll.dll
0x00007ffd52060000 - 0x00007ffd52112000 	C:\WINDOWS\System32\KERNEL32.DLL
0x00007ffd4ffb0000 - 0x00007ffd50255000 	C:\WINDOWS\System32\KERNELBASE.dll
0x00007ffd50e10000 - 0x00007ffd50eb3000 	C:\WINDOWS\System32\ADVAPI32.dll
0x00007ffd52790000 - 0x00007ffd5282e000 	C:\WINDOWS\System32\msvcrt.dll
0x00007ffd50ec0000 - 0x00007ffd50f57000 	C:\WINDOWS\System32\sechost.dll
0x00007ffd50cf0000 - 0x00007ffd50e10000 	C:\WINDOWS\System32\RPCRT4.dll
0x00007ffd50aa0000 - 0x00007ffd50c34000 	C:\WINDOWS\System32\USER32.dll
0x00007ffd4ff80000 - 0x00007ffd4ffa1000 	C:\WINDOWS\System32\win32u.dll
0x00007ffd52030000 - 0x00007ffd52056000 	C:\WINDOWS\System32\GDI32.dll
0x00007ffd4fb90000 - 0x00007ffd4fd26000 	C:\WINDOWS\System32\gdi32full.dll
0x00007ffd4fac0000 - 0x00007ffd4fb5e000 	C:\WINDOWS\System32\msvcp_win.dll
0x00007ffd4f8c0000 - 0x00007ffd4f9ba000 	C:\WINDOWS\System32\ucrtbase.dll
0x00007ffd3d160000 - 0x00007ffd3d3e4000 	C:\WINDOWS\WinSxS\amd64_microsoft.windows.common-controls_6595b64144ccf1df_6.0.18362.1198_none_9e820b57e45ad92f\COMCTL32.dll
0x00007ffd3dd80000 - 0x00007ffd3dd8a000 	C:\WINDOWS\SYSTEM32\VERSION.dll
0x00007ffd510a0000 - 0x00007ffd513d5000 	C:\WINDOWS\System32\combase.dll
0x00007ffd4fa40000 - 0x00007ffd4fac0000 	C:\WINDOWS\System32\bcryptPrimitives.dll
0x00007ffd52600000 - 0x00007ffd5262e000 	C:\WINDOWS\System32\IMM32.DLL
0x00007ffd4a370000 - 0x00007ffd4a386000 	C:\dev\tools\jdk-11.0.4\bin\vcruntime140.dll
0x00007ffd3f180000 - 0x00007ffd3f22a000 	C:\dev\tools\jdk-11.0.4\bin\msvcp140.dll
0x00007ffcdeee0000 - 0x00007ffcdfa07000 	C:\dev\tools\jdk-11.0.4\bin\server\jvm.dll
0x00007ffd526b0000 - 0x00007ffd526b8000 	C:\WINDOWS\System32\PSAPI.DLL
0x00007ffd4abb0000 - 0x00007ffd4abd4000 	C:\WINDOWS\SYSTEM32\WINMM.dll
0x00007ffd3c710000 - 0x00007ffd3c719000 	C:\WINDOWS\SYSTEM32\WSOCK32.dll
0x00007ffd52120000 - 0x00007ffd5218f000 	C:\WINDOWS\System32\WS2_32.dll
0x00007ffd4ab80000 - 0x00007ffd4abad000 	C:\WINDOWS\SYSTEM32\winmmbase.dll
0x00007ffd4fe80000 - 0x00007ffd4feca000 	C:\WINDOWS\System32\cfgmgr32.dll
0x00007ffd4f800000 - 0x00007ffd4f811000 	C:\WINDOWS\System32\kernel.appcore.dll
0x00007ffd48830000 - 0x00007ffd48841000 	C:\dev\tools\jdk-11.0.4\bin\verify.dll
0x00007ffd4e0a0000 - 0x00007ffd4e294000 	C:\WINDOWS\SYSTEM32\DBGHELP.DLL
0x00007ffd416b0000 - 0x00007ffd416da000 	C:\WINDOWS\SYSTEM32\dbgcore.DLL
0x00007ffd3c750000 - 0x00007ffd3c779000 	C:\dev\tools\jdk-11.0.4\bin\java.dll
0x00007ffd45650000 - 0x00007ffd45687000 	C:\dev\tools\jdk-11.0.4\bin\jdwp.dll
0x00007ffd2ff50000 - 0x00007ffd2ff7f000 	C:\dev\tools\jdk-11.0.4\bin\instrument.dll
0x00007ffd413c0000 - 0x00007ffd413d6000 	C:\dev\tools\jdk-11.0.4\bin\zip.dll
0x00007ffd4d060000 - 0x00007ffd4d06a000 	C:\dev\tools\jdk-11.0.4\bin\jimage.dll
0x00007ffd51840000 - 0x00007ffd51f27000 	C:\WINDOWS\System32\SHELL32.dll
0x00007ffd509f0000 - 0x00007ffd50a99000 	C:\WINDOWS\System32\shcore.dll
0x00007ffd50260000 - 0x00007ffd509e1000 	C:\WINDOWS\System32\windows.storage.dll
0x00007ffd4f890000 - 0x00007ffd4f8b3000 	C:\WINDOWS\System32\profapi.dll
0x00007ffd4f840000 - 0x00007ffd4f88a000 	C:\WINDOWS\System32\powrprof.dll
0x00007ffd4f7f0000 - 0x00007ffd4f800000 	C:\WINDOWS\System32\UMPDC.dll
0x00007ffd515b0000 - 0x00007ffd51602000 	C:\WINDOWS\System32\shlwapi.dll
0x00007ffd4f9c0000 - 0x00007ffd4f9d7000 	C:\WINDOWS\System32\cryptsp.dll
0x00007ffd49d00000 - 0x00007ffd49d0a000 	C:\dev\tools\jdk-11.0.4\bin\dt_socket.dll
0x00007ffd4eff0000 - 0x00007ffd4f057000 	C:\WINDOWS\System32\mswsock.dll
0x00007ffd4ed50000 - 0x00007ffd4ee1b000 	C:\WINDOWS\SYSTEM32\DNSAPI.dll
0x00007ffd52020000 - 0x00007ffd52028000 	C:\WINDOWS\System32\NSI.dll
0x00007ffd4ed10000 - 0x00007ffd4ed4a000 	C:\WINDOWS\SYSTEM32\IPHLPAPI.DLL
0x00007ffd481b0000 - 0x00007ffd48227000 	C:\WINDOWS\System32\fwpuclnt.dll
0x00007ffd4fb60000 - 0x00007ffd4fb86000 	C:\WINDOWS\System32\bcrypt.dll
0x00007ffd45430000 - 0x00007ffd4543a000 	C:\Windows\System32\rasadhlp.dll
0x00007ffd3b660000 - 0x00007ffd3b679000 	C:\dev\tools\jdk-11.0.4\bin\net.dll
0x00007ffd480c0000 - 0x00007ffd481b0000 	C:\WINDOWS\SYSTEM32\WINHTTP.dll
0x00007ffd3cbf0000 - 0x00007ffd3cdc6000 	C:\WINDOWS\SYSTEM32\urlmon.dll
0x00007ffd3ffa0000 - 0x00007ffd40247000 	C:\WINDOWS\SYSTEM32\iertutil.dll
0x00007ffd4f170000 - 0x00007ffd4f17c000 	C:\WINDOWS\SYSTEM32\CRYPTBASE.DLL
0x00007ffd2fdc0000 - 0x00007ffd2fdd3000 	C:\dev\tools\jdk-11.0.4\bin\nio.dll
0x00007ffd4a3e0000 - 0x00007ffd4a3e9000 	C:\dev\tools\jdk-11.0.4\bin\management.dll
0x00007ffd4a3d0000 - 0x00007ffd4a3dc000 	C:\dev\tools\jdk-11.0.4\bin\management_ext.dll

dbghelp: loaded successfully - version: 4.0.5 - missing functions: none
symbol engine: initialized successfully - sym options: 0x614 - pdb path: .;C:\dev\tools\jdk-11.0.4\bin;C:\WINDOWS\SYSTEM32;C:\WINDOWS\WinSxS\amd64_microsoft.windows.common-controls_6595b64144ccf1df_6.0.18362.1198_none_9e820b57e45ad92f;C:\dev\tools\jdk-11.0.4\bin\server

VM Arguments:
jvm_args: -agentlib:jdwp=transport=dt_socket,suspend=y,address=localhost:56286 -javaagent:C:\Users\lramo\eclipse\jee-2019-09\eclipse\configuration\org.eclipse.osgi\412\0\.cp\lib\javaagent-shaded.jar -Dfile.encoding=Cp1252 
java_command: br.com.fiap.backToTheFuture.main.Main
java_class_path (initial): C:\Disrupt21\BackToTheFuture\bin;C:\Disrupt21\BackToTheFuture\lib\ojdbc6.jar
Launcher Type: SUN_STANDARD

[Global flags]
     intx CICompilerCount                          = 4                                         {product} {ergonomic}
     uint ConcGCThreads                            = 2                                         {product} {ergonomic}
     uint G1ConcRefinementThreads                  = 8                                         {product} {ergonomic}
   size_t G1HeapRegionSize                         = 1048576                                   {product} {ergonomic}
    uintx GCDrainStackTargetSize                   = 64                                        {product} {ergonomic}
   size_t InitialHeapSize                          = 134217728                                 {product} {ergonomic}
   size_t MarkStackSize                            = 4194304                                   {product} {ergonomic}
   size_t MaxHeapSize                              = 2124414976                                {product} {ergonomic}
   size_t MaxNewSize                               = 1274019840                                {product} {ergonomic}
   size_t MinHeapDeltaBytes                        = 1048576                                   {product} {ergonomic}
    uintx NonNMethodCodeHeapSize                   = 5835340                                {pd product} {ergonomic}
    uintx NonProfiledCodeHeapSize                  = 122911450                              {pd product} {ergonomic}
    uintx ProfiledCodeHeapSize                     = 122911450                              {pd product} {ergonomic}
    uintx ReservedCodeCacheSize                    = 251658240                              {pd product} {ergonomic}
     bool SegmentedCodeCache                       = true                                      {product} {ergonomic}
     bool UseCompressedClassPointers               = true                                 {lp64_product} {ergonomic}
     bool UseCompressedOops                        = true                                 {lp64_product} {ergonomic}
     bool UseG1GC                                  = true                                      {product} {ergonomic}
     bool UseLargePagesIndividualAllocation        = false                                  {pd product} {ergonomic}

Logging:
Log output configuration:
 #0: stdout all=warning uptime,level,tags
 #1: stderr all=off uptime,level,tags

Environment Variables:
PATH=C:/dev/tools/jdk-11.0.4/bin/server;C:/dev/tools/jdk-11.0.4/bin;C:\Python38\Scripts\;C:\Python38\;E:\app\helou\product\11.2.0\dbhome_1\bin;C:\Program Files (x86)\NVIDIA Corporation\PhysX\Common;C:\Python27\;C:\Python27\Scripts;C:\ProgramData\DockerDesktop\version-bin;C:\Program Files\Docker\Docker\Resources\bin;C:\Program Files (x86)\Common Files\Oracle\Java\javapath;C:\Program Files (x86)\Intel\Intel(R) Management Engine Components\iCLS\;C:\Program Files\Intel\Intel(R) Management Engine Components\iCLS\;C:\WINDOWS\system32;C:\WINDOWS;C:\WINDOWS\System32\Wbem;C:\WINDOWS\System32\WindowsPowerShell\v1.0\;C:\WINDOWS\System32\OpenSSH\;C:\Program Files (x86)\Intel\Intel(R) Management Engine Components\DAL;C:\Program Files\Intel\Intel(R) Management Engine Components\DAL;C:\Program Files (x86)\Intel\Intel(R) Management Engine Components\IPT;C:\Program Files\Intel\Intel(R) Management Engine Components\IPT;C:\Program Files\Microsoft VS Code\bin;C:\Program Files\Git\cmd;C:\Program Files\PuTTY\;C:\ProgramData\chocolatey\bin;C:\Program Files\nodejs\;C:\Program Files (x86)\Java\jre1.8.0_221\bin;C:\Program Files\Java\jdk-13.0.2\bin;C:\Users\helou\AppData\Local\atom\bin;C:\Users\helou\AppData\Roaming\npm;C:\Users\lramo\eclipse\jee-2019-09\eclipse;
USERNAME=helou
OS=Windows_NT
PROCESSOR_IDENTIFIER=Intel64 Family 6 Model 142 Stepping 10, GenuineIntel



---------------  S Y S T E M  ---------------

OS: Windows 10 , 64 bit Build 18362 (10.0.18362.1110)

CPU:total 8 (initial active 8) (4 cores per cpu, 2 threads per core) family 6 model 142 stepping 10, cmov, cx8, fxsr, mmx, sse, sse2, sse3, ssse3, sse4.1, sse4.2, popcnt, avx, avx2, aes, clmul, erms, 3dnowpref, lzcnt, ht, tsc, tscinvbit, bmi1, bmi2, adx, fma

Memory: 4k page, system-wide physical 8101M (1626M free)
TotalPageFile size 27557M (AvailPageFile size 9908M)
current process WorkingSet (physical memory assigned to process): 66M, peak: 66M
current process commit charge ("private bytes"): 219M, peak: 219M

vm_info: Java HotSpot(TM) 64-Bit Server VM (11.0.4+10-LTS) for windows-amd64 JRE (11.0.4+10-LTS), built on Jul  4 2019 16:28:13 by "mach5one" with MS VC++ 15.5 (VS2017)

END.
